  AComponent.cpp
  AGameObject.cpp
  AirplanePlayer.cpp
C:\Users\roitr\Documents\ProjectFiles\GDADPRG\GDADPRG_MP\GDADPRG-Machine-Project\GDADPRG_MP\AirplanePlayer.cpp(13,59): warning C4244: 'argument': conversion from 'T' to 'float', possible loss of data
          with
          [
              T=unsigned int
          ]
C:\Users\roitr\Documents\ProjectFiles\GDADPRG\GDADPRG_MP\GDADPRG-Machine-Project\GDADPRG_MP\AirplanePlayer.cpp(13,40): warning C4244: 'argument': conversion from 'T' to 'float', possible loss of data
          with
          [
              T=unsigned int
          ]
  AirplaneSpike.cpp
C:\Users\roitr\Documents\ProjectFiles\GDADPRG\GDADPRG_MP\GDADPRG-Machine-Project\GDADPRG_MP\AirplaneSpike.cpp(13,59): warning C4244: 'argument': conversion from 'T' to 'float', possible loss of data
          with
          [
              T=unsigned int
          ]
C:\Users\roitr\Documents\ProjectFiles\GDADPRG\GDADPRG_MP\GDADPRG-Machine-Project\GDADPRG_MP\AirplaneSpike.cpp(13,40): warning C4244: 'argument': conversion from 'T' to 'float', possible loss of data
          with
          [
              T=unsigned int
          ]
  AirplaneSpikeMovement.cpp
  AirplaneSupport.cpp
C:\Users\roitr\Documents\ProjectFiles\GDADPRG\GDADPRG_MP\GDADPRG-Machine-Project\GDADPRG_MP\AirplaneSupport.cpp(13,59): warning C4244: 'argument': conversion from 'T' to 'float', possible loss of data
          with
          [
              T=unsigned int
          ]
C:\Users\roitr\Documents\ProjectFiles\GDADPRG\GDADPRG_MP\GDADPRG-Machine-Project\GDADPRG_MP\AirplaneSupport.cpp(13,40): warning C4244: 'argument': conversion from 'T' to 'float', possible loss of data
          with
          [
              T=unsigned int
          ]
C:\Users\roitr\Documents\ProjectFiles\GDADPRG\GDADPRG_MP\GDADPRG-Machine-Project\GDADPRG_MP\AirplaneSupport.cpp(23,11): warning C4244: 'initializing': conversion from 'int' to 'float', possible loss of data
C:\Users\roitr\Documents\ProjectFiles\GDADPRG\GDADPRG_MP\GDADPRG-Machine-Project\GDADPRG_MP\AirplaneSupport.cpp(25,15): warning C4244: 'initializing': conversion from 'int' to 'float', possible loss of data
  AirplaneSupportMovement.cpp
  APoolable.cpp
  ApplicationManager.cpp
  AView.cpp
  BaseRunner.cpp
C:\Users\roitr\Documents\ProjectFiles\GDADPRG\GDADPRG_MP\GDADPRG-Machine-Project\GDADPRG_MP\BaseRunner.cpp(6,12): warning C4244: 'argument': conversion from 'time_t' to 'unsigned int', possible loss of data
  BGObject.cpp
  BGObjectMovement.cpp
  ButtonListener.cpp
  Entity.cpp
C:\Users\roitr\Documents\ProjectFiles\GDADPRG\GDADPRG_MP\GDADPRG-Machine-Project\GDADPRG_MP\Entity.cpp(36,85): warning C4244: 'argument': conversion from 'T' to 'float', possible loss of data
          with
          [
              T=unsigned int
          ]
C:\Users\roitr\Documents\ProjectFiles\GDADPRG\GDADPRG_MP\GDADPRG-Machine-Project\GDADPRG_MP\Entity.cpp(36,53): warning C4244: 'argument': conversion from 'T' to 'float', possible loss of data
          with
          [
              T=unsigned int
          ]
  GameObjectManager.cpp
C:\Users\roitr\Documents\ProjectFiles\GDADPRG\GDADPRG_MP\GDADPRG-Machine-Project\GDADPRG_MP\GameObjectManager.cpp(25,36): warning C4267: 'return': conversion from 'size_t' to 'int', possible loss of data
  GameObjectPool.cpp
  GenericInputController.cpp
  Main.cpp
C:\Users\roitr\Documents\ProjectFiles\GDADPRG\GDADPRG_MP\GDADPRG-Machine-Project\GDADPRG_MP\Main.cpp(4,1): warning C4326: return type of 'main' should be 'int' instead of 'void'
  MainMenuScreen.cpp
C:\Users\roitr\Documents\ProjectFiles\GDADPRG\GDADPRG_MP\GDADPRG-Machine-Project\GDADPRG_MP\MainMenuScreen.cpp(17,59): warning C4244: 'argument': conversion from 'T' to 'float', possible loss of data
          with
          [
              T=unsigned int
          ]
C:\Users\roitr\Documents\ProjectFiles\GDADPRG\GDADPRG_MP\GDADPRG-Machine-Project\GDADPRG_MP\MainMenuScreen.cpp(17,40): warning C4244: 'argument': conversion from 'T' to 'float', possible loss of data
          with
          [
              T=unsigned int
          ]
C:\Users\roitr\Documents\ProjectFiles\GDADPRG\GDADPRG_MP\GDADPRG-Machine-Project\GDADPRG_MP\MainMenuScreen.cpp(26,65): warning C4244: 'argument': conversion from 'T' to 'float', possible loss of data
          with
          [
              T=unsigned int
          ]
C:\Users\roitr\Documents\ProjectFiles\GDADPRG\GDADPRG_MP\GDADPRG-Machine-Project\GDADPRG_MP\MainMenuScreen.cpp(26,40): warning C4244: 'argument': conversion from 'T' to 'float', possible loss of data
          with
          [
              T=unsigned int
          ]
C:\Users\roitr\Documents\ProjectFiles\GDADPRG\GDADPRG_MP\GDADPRG-Machine-Project\GDADPRG_MP\MainMenuScreen.cpp(33,65): warning C4244: 'argument': conversion from 'T' to 'float', possible loss of data
          with
          [
              T=unsigned int
          ]
C:\Users\roitr\Documents\ProjectFiles\GDADPRG\GDADPRG_MP\GDADPRG-Machine-Project\GDADPRG_MP\MainMenuScreen.cpp(33,40): warning C4244: 'argument': conversion from 'T' to 'float', possible loss of data
          with
          [
              T=unsigned int
          ]
C:\Users\roitr\Documents\ProjectFiles\GDADPRG\GDADPRG_MP\GDADPRG-Machine-Project\GDADPRG_MP\MainMenuScreen.cpp(41,66): warning C4244: 'argument': conversion from 'T' to 'float', possible loss of data
          with
          [
              T=unsigned int
          ]
C:\Users\roitr\Documents\ProjectFiles\GDADPRG\GDADPRG_MP\GDADPRG-Machine-Project\GDADPRG_MP\MainMenuScreen.cpp(41,47): warning C4244: 'argument': conversion from 'T' to 'float', possible loss of data
          with
          [
              T=unsigned int
          ]
  Generating Code...
  Compiling...
  PauseButton.cpp
C:\Users\roitr\Documents\ProjectFiles\GDADPRG\GDADPRG_MP\GDADPRG-Machine-Project\GDADPRG_MP\PauseButton.cpp(17,60): warning C4244: 'argument': conversion from 'T' to 'float', possible loss of data
          with
          [
              T=unsigned int
          ]
C:\Users\roitr\Documents\ProjectFiles\GDADPRG\GDADPRG_MP\GDADPRG-Machine-Project\GDADPRG_MP\PauseButton.cpp(17,40): warning C4244: 'argument': conversion from 'T' to 'float', possible loss of data
          with
          [
              T=unsigned int
          ]
C:\Users\roitr\Documents\ProjectFiles\GDADPRG\GDADPRG_MP\GDADPRG-Machine-Project\GDADPRG_MP\PauseButton.cpp(27,88): warning C4244: 'argument': conversion from 'T' to 'float', possible loss of data
          with
          [
              T=unsigned int
          ]
  PlayerInputController.cpp
  PlayerMovement.cpp
  PopUpWindow.cpp
C:\Users\roitr\Documents\ProjectFiles\GDADPRG\GDADPRG_MP\GDADPRG-Machine-Project\GDADPRG_MP\PopUpWindow.cpp(17,59): warning C4244: 'argument': conversion from 'T' to 'float', possible loss of data
          with
          [
              T=unsigned int
          ]
C:\Users\roitr\Documents\ProjectFiles\GDADPRG\GDADPRG_MP\GDADPRG-Machine-Project\GDADPRG_MP\PopUpWindow.cpp(17,40): warning C4244: 'argument': conversion from 'T' to 'float', possible loss of data
          with
          [
              T=unsigned int
          ]
C:\Users\roitr\Documents\ProjectFiles\GDADPRG\GDADPRG_MP\GDADPRG-Machine-Project\GDADPRG_MP\PopUpWindow.cpp(28,59): warning C4244: 'argument': conversion from 'T' to 'float', possible loss of data
          with
          [
              T=unsigned int
          ]
C:\Users\roitr\Documents\ProjectFiles\GDADPRG\GDADPRG_MP\GDADPRG-Machine-Project\GDADPRG_MP\PopUpWindow.cpp(28,36): warning C4244: 'argument': conversion from 'T' to 'float', possible loss of data
          with
          [
              T=unsigned int
          ]
C:\Users\roitr\Documents\ProjectFiles\GDADPRG\GDADPRG_MP\GDADPRG-Machine-Project\GDADPRG_MP\PopUpWindow.cpp(36,66): warning C4244: 'argument': conversion from 'T' to 'float', possible loss of data
          with
          [
              T=unsigned int
          ]
C:\Users\roitr\Documents\ProjectFiles\GDADPRG\GDADPRG_MP\GDADPRG-Machine-Project\GDADPRG_MP\PopUpWindow.cpp(36,47): warning C4244: 'argument': conversion from 'T' to 'float', possible loss of data
          with
          [
              T=unsigned int
          ]
  RaptorMovement.cpp
  RaptorWave.cpp
C:\Users\roitr\Documents\ProjectFiles\GDADPRG\GDADPRG_MP\GDADPRG-Machine-Project\GDADPRG_MP\RaptorWave.cpp(5,12): warning C4244: 'argument': conversion from 'time_t' to 'unsigned int', possible loss of data
C:\Users\roitr\Documents\ProjectFiles\GDADPRG\GDADPRG_MP\GDADPRG-Machine-Project\GDADPRG_MP\RaptorWave.cpp(16,8): warning C4101: 'x': unreferenced local variable
  TextureManager.cpp
C:\Users\roitr\Documents\ProjectFiles\GDADPRG\GDADPRG_MP\GDADPRG-Machine-Project\GDADPRG_MP\TextureManager.cpp(112,44): warning C4267: 'return': conversion from 'size_t' to 'int', possible loss of data
  UIButton.cpp
C:\Users\roitr\Documents\ProjectFiles\GDADPRG\GDADPRG_MP\GDADPRG-Machine-Project\GDADPRG_MP\UIButton.cpp(20,59): warning C4244: 'argument': conversion from 'T' to 'float', possible loss of data
          with
          [
              T=unsigned int
          ]
C:\Users\roitr\Documents\ProjectFiles\GDADPRG\GDADPRG_MP\GDADPRG-Machine-Project\GDADPRG_MP\UIButton.cpp(20,40): warning C4244: 'argument': conversion from 'T' to 'float', possible loss of data
          with
          [
              T=unsigned int
          ]
C:\Users\roitr\Documents\ProjectFiles\GDADPRG\GDADPRG_MP\GDADPRG-Machine-Project\GDADPRG_MP\UIButton.cpp(26,67): warning C4244: 'argument': conversion from 'T' to 'float', possible loss of data
          with
          [
              T=unsigned int
          ]
C:\Users\roitr\Documents\ProjectFiles\GDADPRG\GDADPRG_MP\GDADPRG-Machine-Project\GDADPRG_MP\UIButton.cpp(26,47): warning C4244: 'argument': conversion from 'T' to 'float', possible loss of data
          with
          [
              T=unsigned int
          ]
  UIButtonInputController.cpp
C:\Users\roitr\Documents\ProjectFiles\GDADPRG\GDADPRG_MP\GDADPRG-Machine-Project\GDADPRG_MP\UIButtonInputController.cpp(23,63): warning C4244: 'argument': conversion from 'int' to 'T', possible loss of data
          with
          [
              T=float
          ]
C:\Users\roitr\Documents\ProjectFiles\GDADPRG\GDADPRG_MP\GDADPRG-Machine-Project\GDADPRG_MP\UIButtonInputController.cpp(23,42): warning C4244: 'argument': conversion from 'int' to 'T', possible loss of data
          with
          [
              T=float
          ]
  UIText.cpp
  Generating Code...
  GDADPRG_MP.vcxproj -> C:\Users\roitr\Documents\ProjectFiles\GDADPRG\GDADPRG_MP\GDADPRG-Machine-Project\GDADPRG_MP\x64\Debug\GDADPRG_MP.exe
